DEB [20180212-10:39:20.698] thr=1   paramiko.transport: starting thread (client mode): 0x22757f0L
DEB [20180212-10:39:20.698] thr=1   paramiko.transport: Local version/idstring: SSH-2.0-paramiko_2.4.0
DEB [20180212-10:39:20.716] thr=1   paramiko.transport: Remote version/idstring: SSH-2.0-OpenSSH_5.3
INF [20180212-10:39:20.716] thr=1   paramiko.transport: Connected (version 2.0, client OpenSSH_5.3)
DEB [20180212-10:39:20.716] thr=1   paramiko.transport: kex algos:[u'diffie-hellman-group-exchange-sha256', u'diffie-hellman-group-exchange-sha1', u'diffie-hellman-group14-sha1', u'diffie-hellman-group1-sha1'] server key:[u'ssh-rsa', u'ssh-dss'] client encrypt:[u'arcfour', u'aes128-ctr', u'aes192-ctr', u'aes256-ctr'] server encrypt:[u'arcfour', u'aes128-ctr', u'aes192-ctr', u'aes256-ctr'] client mac:[u'hmac-sha1'] server mac:[u'hmac-sha1'] client compress:[u'none', u'zlib@openssh.com'] server compress:[u'none', u'zlib@openssh.com'] client lang:[u''] server lang:[u''] kex follows?False
DEB [20180212-10:39:20.716] thr=1   paramiko.transport: Kex agreed: diffie-hellman-group-exchange-sha256
DEB [20180212-10:39:20.716] thr=1   paramiko.transport: HostKey agreed: ssh-rsa
DEB [20180212-10:39:20.716] thr=1   paramiko.transport: Cipher agreed: aes128-ctr
DEB [20180212-10:39:20.716] thr=1   paramiko.transport: MAC agreed: hmac-sha1
DEB [20180212-10:39:20.716] thr=1   paramiko.transport: Compression agreed: none
DEB [20180212-10:39:20.716] thr=1   paramiko.transport: Got server p (2048 bits)
DEB [20180212-10:39:22.558] thr=1   paramiko.transport: kex engine KexGexSHA256 specified hash_algo <built-in function openssl_sha256>
DEB [20180212-10:39:22.558] thr=1   paramiko.transport: Switch to new keys ...
DEB [20180212-10:39:22.588] thr=2   paramiko.transport: Rejecting ssh-rsa host key for gbwatex2db02: 7a5e39f10cdffefc46f166d55160c1b2
DEB [20180212-10:39:22.667] thr=1   paramiko.transport: EOF in transport thread
DEB [20180212-10:39:47.553] thr=1   paramiko.transport: starting thread (client mode): 0x23657f0L
DEB [20180212-10:39:47.569] thr=1   paramiko.transport: Local version/idstring: SSH-2.0-paramiko_2.4.0
DEB [20180212-10:39:47.569] thr=1   paramiko.transport: Remote version/idstring: SSH-2.0-OpenSSH_5.3
INF [20180212-10:39:47.569] thr=1   paramiko.transport: Connected (version 2.0, client OpenSSH_5.3)
DEB [20180212-10:39:47.569] thr=1   paramiko.transport: kex algos:[u'diffie-hellman-group-exchange-sha256', u'diffie-hellman-group-exchange-sha1', u'diffie-hellman-group14-sha1', u'diffie-hellman-group1-sha1'] server key:[u'ssh-rsa', u'ssh-dss'] client encrypt:[u'arcfour', u'aes128-ctr', u'aes192-ctr', u'aes256-ctr'] server encrypt:[u'arcfour', u'aes128-ctr', u'aes192-ctr', u'aes256-ctr'] client mac:[u'hmac-sha1'] server mac:[u'hmac-sha1'] client compress:[u'none', u'zlib@openssh.com'] server compress:[u'none', u'zlib@openssh.com'] client lang:[u''] server lang:[u''] kex follows?False
DEB [20180212-10:39:47.569] thr=1   paramiko.transport: Kex agreed: diffie-hellman-group-exchange-sha256
DEB [20180212-10:39:47.569] thr=1   paramiko.transport: HostKey agreed: ssh-rsa
DEB [20180212-10:39:47.569] thr=1   paramiko.transport: Cipher agreed: aes128-ctr
DEB [20180212-10:39:47.585] thr=1   paramiko.transport: MAC agreed: hmac-sha1
DEB [20180212-10:39:47.585] thr=1   paramiko.transport: Compression agreed: none
DEB [20180212-10:39:47.585] thr=1   paramiko.transport: Got server p (2048 bits)
DEB [20180212-10:39:48.132] thr=1   paramiko.transport: kex engine KexGexSHA256 specified hash_algo <built-in function openssl_sha256>
DEB [20180212-10:39:48.132] thr=1   paramiko.transport: Switch to new keys ...
DEB [20180212-10:39:48.148] thr=2   paramiko.transport: Rejecting ssh-rsa host key for gbwatex2db02: 7a5e39f10cdffefc46f166d55160c1b2
DEB [20180212-10:39:48.242] thr=1   paramiko.transport: EOF in transport thread
DEB [20180212-10:40:44.638] thr=1   paramiko.transport: starting thread (client mode): 0x22c57f0L
DEB [20180212-10:40:44.638] thr=1   paramiko.transport: Local version/idstring: SSH-2.0-paramiko_2.4.0
DEB [20180212-10:40:44.654] thr=1   paramiko.transport: Remote version/idstring: SSH-2.0-OpenSSH_5.3
INF [20180212-10:40:44.654] thr=1   paramiko.transport: Connected (version 2.0, client OpenSSH_5.3)
DEB [20180212-10:40:44.654] thr=1   paramiko.transport: kex algos:[u'diffie-hellman-group-exchange-sha256', u'diffie-hellman-group-exchange-sha1', u'diffie-hellman-group14-sha1', u'diffie-hellman-group1-sha1'] server key:[u'ssh-rsa', u'ssh-dss'] client encrypt:[u'arcfour', u'aes128-ctr', u'aes192-ctr', u'aes256-ctr'] server encrypt:[u'arcfour', u'aes128-ctr', u'aes192-ctr', u'aes256-ctr'] client mac:[u'hmac-sha1'] server mac:[u'hmac-sha1'] client compress:[u'none', u'zlib@openssh.com'] server compress:[u'none', u'zlib@openssh.com'] client lang:[u''] server lang:[u''] kex follows?False
DEB [20180212-10:40:44.654] thr=1   paramiko.transport: Kex agreed: diffie-hellman-group-exchange-sha256
DEB [20180212-10:40:44.654] thr=1   paramiko.transport: HostKey agreed: ssh-rsa
DEB [20180212-10:40:44.654] thr=1   paramiko.transport: Cipher agreed: aes128-ctr
DEB [20180212-10:40:44.654] thr=1   paramiko.transport: MAC agreed: hmac-sha1
DEB [20180212-10:40:44.654] thr=1   paramiko.transport: Compression agreed: none
DEB [20180212-10:40:44.654] thr=1   paramiko.transport: Got server p (2048 bits)
DEB [20180212-10:40:44.844] thr=1   paramiko.transport: kex engine KexGexSHA256 specified hash_algo <built-in function openssl_sha256>
DEB [20180212-10:40:44.844] thr=1   paramiko.transport: Switch to new keys ...
DEB [20180212-10:40:44.859] thr=2   paramiko.transport: Rejecting ssh-rsa host key for 10.96.250.88: 624e2c9d31ddc2f958d51c642edf0c04
DEB [20180212-10:40:44.953] thr=1   paramiko.transport: EOF in transport thread
DEB [20180212-13:55:51.842] thr=1   paramiko.transport: starting thread (client mode): 0x23877b8L
DEB [20180212-13:55:51.851] thr=1   paramiko.transport: Local version/idstring: SSH-2.0-paramiko_2.4.0
DEB [20180212-13:55:51.855] thr=1   paramiko.transport: Remote version/idstring: SSH-2.0-OpenSSH_5.3
INF [20180212-13:55:51.855] thr=1   paramiko.transport: Connected (version 2.0, client OpenSSH_5.3)
DEB [20180212-13:55:51.858] thr=1   paramiko.transport: kex algos:[u'diffie-hellman-group-exchange-sha256', u'diffie-hellman-group-exchange-sha1', u'diffie-hellman-group14-sha1', u'diffie-hellman-group1-sha1'] server key:[u'ssh-rsa', u'ssh-dss'] client encrypt:[u'arcfour', u'aes128-ctr', u'aes192-ctr', u'aes256-ctr'] server encrypt:[u'arcfour', u'aes128-ctr', u'aes192-ctr', u'aes256-ctr'] client mac:[u'hmac-sha1'] server mac:[u'hmac-sha1'] client compress:[u'none', u'zlib@openssh.com'] server compress:[u'none', u'zlib@openssh.com'] client lang:[u''] server lang:[u''] kex follows?False
DEB [20180212-13:55:51.858] thr=1   paramiko.transport: Kex agreed: diffie-hellman-group-exchange-sha256
DEB [20180212-13:55:51.858] thr=1   paramiko.transport: HostKey agreed: ssh-rsa
DEB [20180212-13:55:51.858] thr=1   paramiko.transport: Cipher agreed: aes128-ctr
DEB [20180212-13:55:51.858] thr=1   paramiko.transport: MAC agreed: hmac-sha1
DEB [20180212-13:55:51.858] thr=1   paramiko.transport: Compression agreed: none
DEB [20180212-13:55:51.864] thr=1   paramiko.transport: Got server p (2048 bits)
DEB [20180212-13:55:53.180] thr=1   paramiko.transport: kex engine KexGexSHA256 specified hash_algo <built-in function openssl_sha256>
DEB [20180212-13:55:53.180] thr=1   paramiko.transport: Switch to new keys ...
DEB [20180212-13:55:53.183] thr=2   paramiko.transport: Adding ssh-rsa host key for 10.96.250.88: 624e2c9d31ddc2f958d51c642edf0c04
DEB [20180212-13:55:53.328] thr=1   paramiko.transport: userauth is OK
INF [20180212-13:55:53.381] thr=1   paramiko.transport: Authentication (password) successful!
DEB [20180212-13:55:53.482] thr=1   paramiko.transport: EOF in transport thread
DEB [20180212-13:56:37.895] thr=1   paramiko.transport: starting thread (client mode): 0x23077b8L
DEB [20180212-13:56:37.895] thr=1   paramiko.transport: Local version/idstring: SSH-2.0-paramiko_2.4.0
DEB [20180212-13:56:37.907] thr=1   paramiko.transport: Remote version/idstring: SSH-2.0-OpenSSH_5.3
INF [20180212-13:56:37.907] thr=1   paramiko.transport: Connected (version 2.0, client OpenSSH_5.3)
DEB [20180212-13:56:37.910] thr=1   paramiko.transport: kex algos:[u'diffie-hellman-group-exchange-sha256', u'diffie-hellman-group-exchange-sha1', u'diffie-hellman-group14-sha1', u'diffie-hellman-group1-sha1'] server key:[u'ssh-rsa', u'ssh-dss'] client encrypt:[u'arcfour', u'aes128-ctr', u'aes192-ctr', u'aes256-ctr'] server encrypt:[u'arcfour', u'aes128-ctr', u'aes192-ctr', u'aes256-ctr'] client mac:[u'hmac-sha1'] server mac:[u'hmac-sha1'] client compress:[u'none', u'zlib@openssh.com'] server compress:[u'none', u'zlib@openssh.com'] client lang:[u''] server lang:[u''] kex follows?False
DEB [20180212-13:56:37.910] thr=1   paramiko.transport: Kex agreed: diffie-hellman-group-exchange-sha256
DEB [20180212-13:56:37.910] thr=1   paramiko.transport: HostKey agreed: ssh-rsa
DEB [20180212-13:56:37.910] thr=1   paramiko.transport: Cipher agreed: aes128-ctr
DEB [20180212-13:56:37.910] thr=1   paramiko.transport: MAC agreed: hmac-sha1
DEB [20180212-13:56:37.910] thr=1   paramiko.transport: Compression agreed: none
DEB [20180212-13:56:37.914] thr=1   paramiko.transport: Got server p (2048 bits)
DEB [20180212-13:56:38.071] thr=1   paramiko.transport: kex engine KexGexSHA256 specified hash_algo <built-in function openssl_sha256>
DEB [20180212-13:56:38.072] thr=1   paramiko.transport: Switch to new keys ...
DEB [20180212-13:56:38.099] thr=2   paramiko.transport: Adding ssh-rsa host key for 10.96.250.88: 624e2c9d31ddc2f958d51c642edf0c04
DEB [20180212-13:56:38.114] thr=1   paramiko.transport: userauth is OK
INF [20180212-13:56:38.174] thr=1   paramiko.transport: Authentication (password) successful!
DEB [20180212-13:56:38.207] thr=2   paramiko.transport: [chan 0] Max packet in: 32768 bytes
DEB [20180212-13:56:38.210] thr=1   paramiko.transport: [chan 0] Max packet out: 32768 bytes
DEB [20180212-13:56:38.210] thr=1   paramiko.transport: Secsh channel 0 opened.
DEB [20180212-13:56:38.216] thr=1   paramiko.transport: [chan 0] Sesch channel 0 request ok
DEB [20180212-13:56:38.243] thr=1   paramiko.transport: [chan 0] EOF received (0)
DEB [20180212-13:56:38.246] thr=1   paramiko.transport: [chan 0] EOF sent (0)
DEB [20180212-13:56:38.346] thr=1   paramiko.transport: EOF in transport thread
DEB [20180212-13:57:29.496] thr=1   paramiko.transport: starting thread (client mode): 0x23077b8L
DEB [20180212-13:57:29.496] thr=1   paramiko.transport: Local version/idstring: SSH-2.0-paramiko_2.4.0
DEB [20180212-13:57:29.507] thr=1   paramiko.transport: Remote version/idstring: SSH-2.0-OpenSSH_5.3
INF [20180212-13:57:29.507] thr=1   paramiko.transport: Connected (version 2.0, client OpenSSH_5.3)
DEB [20180212-13:57:29.510] thr=1   paramiko.transport: kex algos:[u'diffie-hellman-group-exchange-sha256', u'diffie-hellman-group-exchange-sha1', u'diffie-hellman-group14-sha1', u'diffie-hellman-group1-sha1'] server key:[u'ssh-rsa', u'ssh-dss'] client encrypt:[u'arcfour', u'aes128-ctr', u'aes192-ctr', u'aes256-ctr'] server encrypt:[u'arcfour', u'aes128-ctr', u'aes192-ctr', u'aes256-ctr'] client mac:[u'hmac-sha1'] server mac:[u'hmac-sha1'] client compress:[u'none', u'zlib@openssh.com'] server compress:[u'none', u'zlib@openssh.com'] client lang:[u''] server lang:[u''] kex follows?False
DEB [20180212-13:57:29.510] thr=1   paramiko.transport: Kex agreed: diffie-hellman-group-exchange-sha256
DEB [20180212-13:57:29.510] thr=1   paramiko.transport: HostKey agreed: ssh-rsa
DEB [20180212-13:57:29.510] thr=1   paramiko.transport: Cipher agreed: aes128-ctr
DEB [20180212-13:57:29.510] thr=1   paramiko.transport: MAC agreed: hmac-sha1
DEB [20180212-13:57:29.510] thr=1   paramiko.transport: Compression agreed: none
DEB [20180212-13:57:29.515] thr=1   paramiko.transport: Got server p (2048 bits)
DEB [20180212-13:57:29.671] thr=1   paramiko.transport: kex engine KexGexSHA256 specified hash_algo <built-in function openssl_sha256>
DEB [20180212-13:57:29.671] thr=1   paramiko.transport: Switch to new keys ...
DEB [20180212-13:57:29.697] thr=2   paramiko.transport: Adding ssh-rsa host key for gbwatex2db02: 7a5e39f10cdffefc46f166d55160c1b2
DEB [20180212-13:57:29.713] thr=1   paramiko.transport: userauth is OK
INF [20180212-13:57:29.772] thr=1   paramiko.transport: Authentication (password) successful!
DEB [20180212-13:57:29.805] thr=2   paramiko.transport: [chan 0] Max packet in: 32768 bytes
DEB [20180212-13:57:29.808] thr=1   paramiko.transport: [chan 0] Max packet out: 32768 bytes
DEB [20180212-13:57:29.809] thr=1   paramiko.transport: Secsh channel 0 opened.
DEB [20180212-13:57:29.816] thr=1   paramiko.transport: [chan 0] Sesch channel 0 request ok
DEB [20180212-13:57:29.851] thr=1   paramiko.transport: [chan 0] EOF received (0)
DEB [20180212-13:57:29.851] thr=1   paramiko.transport: [chan 0] EOF sent (0)
DEB [20180212-13:57:29.953] thr=1   paramiko.transport: EOF in transport thread
DEB [20180212-13:58:12.967] thr=1   paramiko.transport: starting thread (client mode): 0x22877b8L
DEB [20180212-13:58:12.967] thr=1   paramiko.transport: Local version/idstring: SSH-2.0-paramiko_2.4.0
DEB [20180212-13:58:12.976] thr=1   paramiko.transport: Remote version/idstring: SSH-2.0-OpenSSH_5.3
INF [20180212-13:58:12.976] thr=1   paramiko.transport: Connected (version 2.0, client OpenSSH_5.3)
DEB [20180212-13:58:12.980] thr=1   paramiko.transport: kex algos:[u'diffie-hellman-group-exchange-sha256', u'diffie-hellman-group-exchange-sha1', u'diffie-hellman-group14-sha1', u'diffie-hellman-group1-sha1'] server key:[u'ssh-rsa', u'ssh-dss'] client encrypt:[u'arcfour', u'aes128-ctr', u'aes192-ctr', u'aes256-ctr'] server encrypt:[u'arcfour', u'aes128-ctr', u'aes192-ctr', u'aes256-ctr'] client mac:[u'hmac-sha1'] server mac:[u'hmac-sha1'] client compress:[u'none', u'zlib@openssh.com'] server compress:[u'none', u'zlib@openssh.com'] client lang:[u''] server lang:[u''] kex follows?False
DEB [20180212-13:58:12.980] thr=1   paramiko.transport: Kex agreed: diffie-hellman-group-exchange-sha256
DEB [20180212-13:58:12.980] thr=1   paramiko.transport: HostKey agreed: ssh-rsa
DEB [20180212-13:58:12.980] thr=1   paramiko.transport: Cipher agreed: aes128-ctr
DEB [20180212-13:58:12.980] thr=1   paramiko.transport: MAC agreed: hmac-sha1
DEB [20180212-13:58:12.980] thr=1   paramiko.transport: Compression agreed: none
DEB [20180212-13:58:12.983] thr=1   paramiko.transport: Got server p (2048 bits)
DEB [20180212-13:58:13.144] thr=1   paramiko.transport: kex engine KexGexSHA256 specified hash_algo <built-in function openssl_sha256>
DEB [20180212-13:58:13.144] thr=1   paramiko.transport: Switch to new keys ...
DEB [20180212-13:58:13.170] thr=2   paramiko.transport: Adding ssh-rsa host key for gbwatex2db02: 7a5e39f10cdffefc46f166d55160c1b2
DEB [20180212-13:58:13.187] thr=1   paramiko.transport: userauth is OK
INF [20180212-13:58:13.242] thr=1   paramiko.transport: Authentication (password) successful!
DEB [20180212-13:58:13.276] thr=2   paramiko.transport: [chan 0] Max packet in: 32768 bytes
DEB [20180212-13:58:13.279] thr=1   paramiko.transport: [chan 0] Max packet out: 32768 bytes
DEB [20180212-13:58:13.279] thr=1   paramiko.transport: Secsh channel 0 opened.
DEB [20180212-13:58:13.288] thr=1   paramiko.transport: [chan 0] Sesch channel 0 request ok
DEB [20180212-13:58:13.318] thr=1   paramiko.transport: [chan 0] EOF received (0)
DEB [20180212-13:58:13.319] thr=1   paramiko.transport: [chan 0] EOF sent (0)
DEB [20180212-13:58:13.325] thr=2   paramiko.transport: [chan 1] Max packet in: 32768 bytes
DEB [20180212-13:58:13.364] thr=1   paramiko.transport: [chan 1] Max packet out: 32768 bytes
DEB [20180212-13:58:13.364] thr=1   paramiko.transport: Secsh channel 1 opened.
DEB [20180212-13:58:13.391] thr=1   paramiko.transport: [chan 1] Sesch channel 1 request ok
DEB [20180212-13:58:13.405] thr=1   paramiko.transport: EOF in transport thread
DEB [20180212-13:59:05.471] thr=1   paramiko.transport: starting thread (client mode): 0x235f7b8L
DEB [20180212-13:59:05.473] thr=1   paramiko.transport: Local version/idstring: SSH-2.0-paramiko_2.4.0
DEB [20180212-13:59:05.486] thr=1   paramiko.transport: Remote version/idstring: SSH-2.0-OpenSSH_5.3
INF [20180212-13:59:05.486] thr=1   paramiko.transport: Connected (version 2.0, client OpenSSH_5.3)
DEB [20180212-13:59:05.489] thr=1   paramiko.transport: kex algos:[u'diffie-hellman-group-exchange-sha256', u'diffie-hellman-group-exchange-sha1', u'diffie-hellman-group14-sha1', u'diffie-hellman-group1-sha1'] server key:[u'ssh-rsa', u'ssh-dss'] client encrypt:[u'arcfour', u'aes128-ctr', u'aes192-ctr', u'aes256-ctr'] server encrypt:[u'arcfour', u'aes128-ctr', u'aes192-ctr', u'aes256-ctr'] client mac:[u'hmac-sha1'] server mac:[u'hmac-sha1'] client compress:[u'none', u'zlib@openssh.com'] server compress:[u'none', u'zlib@openssh.com'] client lang:[u''] server lang:[u''] kex follows?False
DEB [20180212-13:59:05.489] thr=1   paramiko.transport: Kex agreed: diffie-hellman-group-exchange-sha256
DEB [20180212-13:59:05.490] thr=1   paramiko.transport: HostKey agreed: ssh-rsa
DEB [20180212-13:59:05.490] thr=1   paramiko.transport: Cipher agreed: aes128-ctr
DEB [20180212-13:59:05.490] thr=1   paramiko.transport: MAC agreed: hmac-sha1
DEB [20180212-13:59:05.490] thr=1   paramiko.transport: Compression agreed: none
DEB [20180212-13:59:05.493] thr=1   paramiko.transport: Got server p (2048 bits)
DEB [20180212-13:59:05.650] thr=1   paramiko.transport: kex engine KexGexSHA256 specified hash_algo <built-in function openssl_sha256>
DEB [20180212-13:59:05.651] thr=1   paramiko.transport: Switch to new keys ...
DEB [20180212-13:59:05.677] thr=2   paramiko.transport: Adding ssh-rsa host key for gbwatex2db02: 7a5e39f10cdffefc46f166d55160c1b2
DEB [20180212-13:59:05.694] thr=1   paramiko.transport: userauth is OK
INF [20180212-13:59:05.851] thr=1   paramiko.transport: Authentication (password) successful!
DEB [20180212-13:59:05.884] thr=2   paramiko.transport: [chan 0] Max packet in: 32768 bytes
DEB [20180212-13:59:05.887] thr=1   paramiko.transport: [chan 0] Max packet out: 32768 bytes
DEB [20180212-13:59:05.888] thr=1   paramiko.transport: Secsh channel 0 opened.
DEB [20180212-13:59:05.895] thr=1   paramiko.transport: [chan 0] Sesch channel 0 request ok
DEB [20180212-13:59:05.924] thr=1   paramiko.transport: [chan 0] EOF received (0)
DEB [20180212-13:59:05.927] thr=1   paramiko.transport: [chan 0] EOF sent (0)
DEB [20180212-13:59:05.927] thr=2   paramiko.transport: [chan 1] Max packet in: 32768 bytes
DEB [20180212-13:59:05.930] thr=1   paramiko.transport: [chan 1] Max packet out: 32768 bytes
DEB [20180212-13:59:05.930] thr=1   paramiko.transport: Secsh channel 1 opened.
DEB [20180212-13:59:05.976] thr=1   paramiko.transport: [chan 1] Sesch channel 1 request ok
DEB [20180212-13:59:06.005] thr=1   paramiko.transport: [chan 1] EOF received (1)
DEB [20180212-15:01:00.914] thr=1   paramiko.transport: starting thread (client mode): 0x227f7b8L
DEB [20180212-15:01:00.914] thr=1   paramiko.transport: Local version/idstring: SSH-2.0-paramiko_2.4.0
DEB [20180212-15:01:00.924] thr=1   paramiko.transport: Remote version/idstring: SSH-2.0-OpenSSH_5.3
INF [20180212-15:01:00.926] thr=1   paramiko.transport: Connected (version 2.0, client OpenSSH_5.3)
DEB [20180212-15:01:00.928] thr=1   paramiko.transport: kex algos:[u'diffie-hellman-group-exchange-sha256', u'diffie-hellman-group-exchange-sha1', u'diffie-hellman-group14-sha1', u'diffie-hellman-group1-sha1'] server key:[u'ssh-rsa', u'ssh-dss'] client encrypt:[u'arcfour', u'aes128-ctr', u'aes192-ctr', u'aes256-ctr'] server encrypt:[u'arcfour', u'aes128-ctr', u'aes192-ctr', u'aes256-ctr'] client mac:[u'hmac-sha1'] server mac:[u'hmac-sha1'] client compress:[u'none', u'zlib@openssh.com'] server compress:[u'none', u'zlib@openssh.com'] client lang:[u''] server lang:[u''] kex follows?False
DEB [20180212-15:01:00.930] thr=1   paramiko.transport: Kex agreed: diffie-hellman-group-exchange-sha256
DEB [20180212-15:01:00.930] thr=1   paramiko.transport: HostKey agreed: ssh-rsa
DEB [20180212-15:01:00.930] thr=1   paramiko.transport: Cipher agreed: aes128-ctr
DEB [20180212-15:01:00.930] thr=1   paramiko.transport: MAC agreed: hmac-sha1
DEB [20180212-15:01:00.930] thr=1   paramiko.transport: Compression agreed: none
DEB [20180212-15:01:00.934] thr=1   paramiko.transport: Got server p (2048 bits)
DEB [20180212-15:01:02.411] thr=1   paramiko.transport: kex engine KexGexSHA256 specified hash_algo <built-in function openssl_sha256>
DEB [20180212-15:01:02.411] thr=1   paramiko.transport: Switch to new keys ...
DEB [20180212-15:01:02.415] thr=2   paramiko.transport: Adding ssh-rsa host key for gbwatex2db02: 7a5e39f10cdffefc46f166d55160c1b2
DEB [20180212-15:01:02.582] thr=1   paramiko.transport: userauth is OK
INF [20180212-15:01:02.627] thr=1   paramiko.transport: Authentication (password) successful!
DEB [20180212-15:01:02.642] thr=2   paramiko.transport: [chan 0] Max packet in: 32768 bytes
DEB [20180212-15:01:02.645] thr=1   paramiko.transport: [chan 0] Max packet out: 32768 bytes
DEB [20180212-15:01:02.647] thr=1   paramiko.transport: Secsh channel 0 opened.
DEB [20180212-15:01:02.655] thr=1   paramiko.transport: [chan 0] Sesch channel 0 request ok
DEB [20180212-15:01:02.674] thr=1   paramiko.transport: [chan 0] EOF received (0)
DEB [20180212-15:01:02.676] thr=1   paramiko.transport: [chan 0] EOF sent (0)
DEB [20180212-15:01:02.680] thr=2   paramiko.transport: [chan 1] Max packet in: 32768 bytes
DEB [20180212-15:01:02.723] thr=1   paramiko.transport: [chan 1] Max packet out: 32768 bytes
DEB [20180212-15:01:02.723] thr=1   paramiko.transport: Secsh channel 1 opened.
DEB [20180212-15:01:02.747] thr=1   paramiko.transport: [chan 1] Sesch channel 1 request ok
DEB [20180212-15:01:02.776] thr=1   paramiko.transport: [chan 1] EOF received (1)
DEB [20180212-15:01:40.118] thr=1   paramiko.transport: starting thread (client mode): 0x240f7b8L
DEB [20180212-15:01:40.118] thr=1   paramiko.transport: Local version/idstring: SSH-2.0-paramiko_2.4.0
DEB [20180212-15:01:40.131] thr=1   paramiko.transport: Remote version/idstring: SSH-2.0-OpenSSH_5.3
INF [20180212-15:01:40.131] thr=1   paramiko.transport: Connected (version 2.0, client OpenSSH_5.3)
DEB [20180212-15:01:40.134] thr=1   paramiko.transport: kex algos:[u'diffie-hellman-group-exchange-sha256', u'diffie-hellman-group-exchange-sha1', u'diffie-hellman-group14-sha1', u'diffie-hellman-group1-sha1'] server key:[u'ssh-rsa', u'ssh-dss'] client encrypt:[u'arcfour', u'aes128-ctr', u'aes192-ctr', u'aes256-ctr'] server encrypt:[u'arcfour', u'aes128-ctr', u'aes192-ctr', u'aes256-ctr'] client mac:[u'hmac-sha1'] server mac:[u'hmac-sha1'] client compress:[u'none', u'zlib@openssh.com'] server compress:[u'none', u'zlib@openssh.com'] client lang:[u''] server lang:[u''] kex follows?False
DEB [20180212-15:01:40.134] thr=1   paramiko.transport: Kex agreed: diffie-hellman-group-exchange-sha256
DEB [20180212-15:01:40.134] thr=1   paramiko.transport: HostKey agreed: ssh-rsa
DEB [20180212-15:01:40.134] thr=1   paramiko.transport: Cipher agreed: aes128-ctr
DEB [20180212-15:01:40.134] thr=1   paramiko.transport: MAC agreed: hmac-sha1
DEB [20180212-15:01:40.134] thr=1   paramiko.transport: Compression agreed: none
DEB [20180212-15:01:40.138] thr=1   paramiko.transport: Got server p (2048 bits)
DEB [20180212-15:01:40.296] thr=1   paramiko.transport: kex engine KexGexSHA256 specified hash_algo <built-in function openssl_sha256>
DEB [20180212-15:01:40.296] thr=1   paramiko.transport: Switch to new keys ...
DEB [20180212-15:01:40.321] thr=2   paramiko.transport: Adding ssh-rsa host key for gbwatex2db02: 7a5e39f10cdffefc46f166d55160c1b2
DEB [20180212-15:01:40.338] thr=1   paramiko.transport: userauth is OK
INF [20180212-15:01:40.431] thr=1   paramiko.transport: Authentication (password) successful!
DEB [20180212-15:01:40.434] thr=2   paramiko.transport: [chan 0] Max packet in: 32768 bytes
DEB [20180212-15:01:40.446] thr=1   paramiko.transport: [chan 0] Max packet out: 32768 bytes
DEB [20180212-15:01:40.446] thr=1   paramiko.transport: Secsh channel 0 opened.
DEB [20180212-15:01:40.457] thr=1   paramiko.transport: [chan 0] Sesch channel 0 request ok
DEB [20180212-15:01:40.484] thr=1   paramiko.transport: [chan 0] EOF received (0)
DEB [20180212-15:01:40.490] thr=1   paramiko.transport: [chan 0] EOF sent (0)
DEB [20180212-15:01:40.492] thr=2   paramiko.transport: [chan 1] Max packet in: 32768 bytes
DEB [20180212-15:01:40.496] thr=1   paramiko.transport: [chan 1] Max packet out: 32768 bytes
DEB [20180212-15:01:40.496] thr=1   paramiko.transport: Secsh channel 1 opened.
DEB [20180212-15:01:40.542] thr=1   paramiko.transport: [chan 1] Sesch channel 1 request ok
DEB [20180212-15:01:40.565] thr=1   paramiko.transport: EOF in transport thread
DEB [20180212-15:02:34.664] thr=1   paramiko.transport: starting thread (client mode): 0x232f7b8L
DEB [20180212-15:02:34.664] thr=1   paramiko.transport: Local version/idstring: SSH-2.0-paramiko_2.4.0
DEB [20180212-15:02:34.686] thr=1   paramiko.transport: Remote version/idstring: SSH-2.0-OpenSSH_5.3
INF [20180212-15:02:34.686] thr=1   paramiko.transport: Connected (version 2.0, client OpenSSH_5.3)
DEB [20180212-15:02:34.688] thr=1   paramiko.transport: kex algos:[u'diffie-hellman-group-exchange-sha256', u'diffie-hellman-group-exchange-sha1', u'diffie-hellman-group14-sha1', u'diffie-hellman-group1-sha1'] server key:[u'ssh-rsa', u'ssh-dss'] client encrypt:[u'arcfour', u'aes128-ctr', u'aes192-ctr', u'aes256-ctr'] server encrypt:[u'arcfour', u'aes128-ctr', u'aes192-ctr', u'aes256-ctr'] client mac:[u'hmac-sha1'] server mac:[u'hmac-sha1'] client compress:[u'none', u'zlib@openssh.com'] server compress:[u'none', u'zlib@openssh.com'] client lang:[u''] server lang:[u''] kex follows?False
DEB [20180212-15:02:34.688] thr=1   paramiko.transport: Kex agreed: diffie-hellman-group-exchange-sha256
DEB [20180212-15:02:34.690] thr=1   paramiko.transport: HostKey agreed: ssh-rsa
DEB [20180212-15:02:34.690] thr=1   paramiko.transport: Cipher agreed: aes128-ctr
DEB [20180212-15:02:34.690] thr=1   paramiko.transport: MAC agreed: hmac-sha1
DEB [20180212-15:02:34.690] thr=1   paramiko.transport: Compression agreed: none
DEB [20180212-15:02:34.694] thr=1   paramiko.transport: Got server p (2048 bits)
DEB [20180212-15:02:34.852] thr=1   paramiko.transport: kex engine KexGexSHA256 specified hash_algo <built-in function openssl_sha256>
DEB [20180212-15:02:34.852] thr=1   paramiko.transport: Switch to new keys ...
DEB [20180212-15:02:34.868] thr=2   paramiko.transport: Adding ssh-rsa host key for gbwatex2db02: 7a5e39f10cdffefc46f166d55160c1b2
DEB [20180212-15:02:34.895] thr=1   paramiko.transport: userauth is OK
INF [20180212-15:02:34.954] thr=1   paramiko.transport: Authentication (password) successful!
DEB [20180212-15:02:34.976] thr=2   paramiko.transport: [chan 0] Max packet in: 32768 bytes
DEB [20180212-15:02:34.980] thr=1   paramiko.transport: [chan 0] Max packet out: 32768 bytes
DEB [20180212-15:02:34.980] thr=1   paramiko.transport: Secsh channel 0 opened.
DEB [20180212-15:02:34.996] thr=1   paramiko.transport: [chan 0] Sesch channel 0 request ok
DEB [20180212-15:02:35.022] thr=1   paramiko.transport: [chan 0] EOF received (0)
DEB [20180212-15:02:35.023] thr=1   paramiko.transport: [chan 0] EOF sent (0)
DEB [20180212-15:02:35.026] thr=2   paramiko.transport: [chan 1] Max packet in: 32768 bytes
DEB [20180212-15:02:35.066] thr=1   paramiko.transport: [chan 1] Max packet out: 32768 bytes
DEB [20180212-15:02:35.066] thr=1   paramiko.transport: Secsh channel 1 opened.
DEB [20180212-15:02:35.095] thr=1   paramiko.transport: [chan 1] Sesch channel 1 request ok
DEB [20180212-15:02:35.121] thr=1   paramiko.transport: [chan 1] EOF received (1)
DEB [20180212-15:03:13.144] thr=1   paramiko.transport: starting thread (client mode): 0x234f7b8L
DEB [20180212-15:03:13.144] thr=1   paramiko.transport: Local version/idstring: SSH-2.0-paramiko_2.4.0
DEB [20180212-15:03:13.157] thr=1   paramiko.transport: Remote version/idstring: SSH-2.0-OpenSSH_5.3
INF [20180212-15:03:13.157] thr=1   paramiko.transport: Connected (version 2.0, client OpenSSH_5.3)
DEB [20180212-15:03:13.161] thr=1   paramiko.transport: kex algos:[u'diffie-hellman-group-exchange-sha256', u'diffie-hellman-group-exchange-sha1', u'diffie-hellman-group14-sha1', u'diffie-hellman-group1-sha1'] server key:[u'ssh-rsa', u'ssh-dss'] client encrypt:[u'arcfour', u'aes128-ctr', u'aes192-ctr', u'aes256-ctr'] server encrypt:[u'arcfour', u'aes128-ctr', u'aes192-ctr', u'aes256-ctr'] client mac:[u'hmac-sha1'] server mac:[u'hmac-sha1'] client compress:[u'none', u'zlib@openssh.com'] server compress:[u'none', u'zlib@openssh.com'] client lang:[u''] server lang:[u''] kex follows?False
DEB [20180212-15:03:13.161] thr=1   paramiko.transport: Kex agreed: diffie-hellman-group-exchange-sha256
DEB [20180212-15:03:13.161] thr=1   paramiko.transport: HostKey agreed: ssh-rsa
DEB [20180212-15:03:13.161] thr=1   paramiko.transport: Cipher agreed: aes128-ctr
DEB [20180212-15:03:13.161] thr=1   paramiko.transport: MAC agreed: hmac-sha1
DEB [20180212-15:03:13.161] thr=1   paramiko.transport: Compression agreed: none
DEB [20180212-15:03:13.165] thr=1   paramiko.transport: Got server p (2048 bits)
DEB [20180212-15:03:13.329] thr=1   paramiko.transport: kex engine KexGexSHA256 specified hash_algo <built-in function openssl_sha256>
DEB [20180212-15:03:13.331] thr=1   paramiko.transport: Switch to new keys ...
DEB [20180212-15:03:13.344] thr=2   paramiko.transport: Adding ssh-rsa host key for gbwatex2db02: 7a5e39f10cdffefc46f166d55160c1b2
DEB [20180212-15:03:13.374] thr=1   paramiko.transport: userauth is OK
INF [20180212-15:03:13.424] thr=1   paramiko.transport: Authentication (password) successful!
DEB [20180212-15:03:13.451] thr=2   paramiko.transport: [chan 0] Max packet in: 32768 bytes
DEB [20180212-15:03:13.454] thr=1   paramiko.transport: [chan 0] Max packet out: 32768 bytes
DEB [20180212-15:03:13.454] thr=1   paramiko.transport: Secsh channel 0 opened.
DEB [20180212-15:03:13.463] thr=1   paramiko.transport: [chan 0] Sesch channel 0 request ok
DEB [20180212-15:03:13.490] thr=1   paramiko.transport: [chan 0] EOF received (0)
DEB [20180212-15:03:13.494] thr=1   paramiko.transport: [chan 0] EOF sent (0)
DEB [20180212-15:03:13.496] thr=2   paramiko.transport: [chan 1] Max packet in: 32768 bytes
DEB [20180212-15:03:13.505] thr=1   paramiko.transport: [chan 1] Max packet out: 32768 bytes
DEB [20180212-15:03:13.505] thr=1   paramiko.transport: Secsh channel 1 opened.
DEB [20180212-15:03:13.551] thr=1   paramiko.transport: [chan 1] Sesch channel 1 request ok
DEB [20180212-15:03:13.568] thr=1   paramiko.transport: [chan 1] EOF received (1)
DEB [20180212-15:03:36.966] thr=1   paramiko.transport: starting thread (client mode): 0x224f7b8L
DEB [20180212-15:03:36.967] thr=1   paramiko.transport: Local version/idstring: SSH-2.0-paramiko_2.4.0
DEB [20180212-15:03:36.980] thr=1   paramiko.transport: Remote version/idstring: SSH-2.0-OpenSSH_5.3
INF [20180212-15:03:36.980] thr=1   paramiko.transport: Connected (version 2.0, client OpenSSH_5.3)
DEB [20180212-15:03:36.982] thr=1   paramiko.transport: kex algos:[u'diffie-hellman-group-exchange-sha256', u'diffie-hellman-group-exchange-sha1', u'diffie-hellman-group14-sha1', u'diffie-hellman-group1-sha1'] server key:[u'ssh-rsa', u'ssh-dss'] client encrypt:[u'arcfour', u'aes128-ctr', u'aes192-ctr', u'aes256-ctr'] server encrypt:[u'arcfour', u'aes128-ctr', u'aes192-ctr', u'aes256-ctr'] client mac:[u'hmac-sha1'] server mac:[u'hmac-sha1'] client compress:[u'none', u'zlib@openssh.com'] server compress:[u'none', u'zlib@openssh.com'] client lang:[u''] server lang:[u''] kex follows?False
DEB [20180212-15:03:36.983] thr=1   paramiko.transport: Kex agreed: diffie-hellman-group-exchange-sha256
DEB [20180212-15:03:36.983] thr=1   paramiko.transport: HostKey agreed: ssh-rsa
DEB [20180212-15:03:36.983] thr=1   paramiko.transport: Cipher agreed: aes128-ctr
DEB [20180212-15:03:36.983] thr=1   paramiko.transport: MAC agreed: hmac-sha1
DEB [20180212-15:03:36.983] thr=1   paramiko.transport: Compression agreed: none
DEB [20180212-15:03:36.986] thr=1   paramiko.transport: Got server p (2048 bits)
DEB [20180212-15:03:37.150] thr=1   paramiko.transport: kex engine KexGexSHA256 specified hash_algo <built-in function openssl_sha256>
DEB [20180212-15:03:37.150] thr=1   paramiko.transport: Switch to new keys ...
DEB [20180212-15:03:37.164] thr=2   paramiko.transport: Adding ssh-rsa host key for gbwatex2db02: 7a5e39f10cdffefc46f166d55160c1b2
DEB [20180212-15:03:37.193] thr=1   paramiko.transport: userauth is OK
INF [20180212-15:03:37.249] thr=1   paramiko.transport: Authentication (password) successful!
DEB [20180212-15:03:37.270] thr=2   paramiko.transport: [chan 0] Max packet in: 32768 bytes
DEB [20180212-15:03:37.273] thr=1   paramiko.transport: [chan 0] Max packet out: 32768 bytes
DEB [20180212-15:03:37.273] thr=1   paramiko.transport: Secsh channel 0 opened.
DEB [20180212-15:03:37.282] thr=1   paramiko.transport: [chan 0] Sesch channel 0 request ok
DEB [20180212-15:03:37.309] thr=1   paramiko.transport: [chan 0] EOF received (0)
DEB [20180212-15:03:37.312] thr=2   paramiko.transport: [chan 1] Max packet in: 32768 bytes
DEB [20180212-15:03:37.312] thr=1   paramiko.transport: [chan 0] EOF sent (0)
DEB [20180212-15:03:37.315] thr=1   paramiko.transport: [chan 1] Max packet out: 32768 bytes
DEB [20180212-15:03:37.315] thr=1   paramiko.transport: Secsh channel 1 opened.
DEB [20180212-15:03:37.361] thr=1   paramiko.transport: [chan 1] Sesch channel 1 request ok
DEB [20180212-15:03:37.388] thr=1   paramiko.transport: [chan 1] EOF received (1)
DEB [20180212-15:04:22.881] thr=1   paramiko.transport: starting thread (client mode): 0x22cf7b8L
DEB [20180212-15:04:22.882] thr=1   paramiko.transport: Local version/idstring: SSH-2.0-paramiko_2.4.0
DEB [20180212-15:04:22.892] thr=1   paramiko.transport: Remote version/idstring: SSH-2.0-OpenSSH_5.3
INF [20180212-15:04:22.892] thr=1   paramiko.transport: Connected (version 2.0, client OpenSSH_5.3)
DEB [20180212-15:04:22.895] thr=1   paramiko.transport: kex algos:[u'diffie-hellman-group-exchange-sha256', u'diffie-hellman-group-exchange-sha1', u'diffie-hellman-group14-sha1', u'diffie-hellman-group1-sha1'] server key:[u'ssh-rsa', u'ssh-dss'] client encrypt:[u'arcfour', u'aes128-ctr', u'aes192-ctr', u'aes256-ctr'] server encrypt:[u'arcfour', u'aes128-ctr', u'aes192-ctr', u'aes256-ctr'] client mac:[u'hmac-sha1'] server mac:[u'hmac-sha1'] client compress:[u'none', u'zlib@openssh.com'] server compress:[u'none', u'zlib@openssh.com'] client lang:[u''] server lang:[u''] kex follows?False
DEB [20180212-15:04:22.895] thr=1   paramiko.transport: Kex agreed: diffie-hellman-group-exchange-sha256
DEB [20180212-15:04:22.895] thr=1   paramiko.transport: HostKey agreed: ssh-rsa
DEB [20180212-15:04:22.895] thr=1   paramiko.transport: Cipher agreed: aes128-ctr
DEB [20180212-15:04:22.895] thr=1   paramiko.transport: MAC agreed: hmac-sha1
DEB [20180212-15:04:22.897] thr=1   paramiko.transport: Compression agreed: none
DEB [20180212-15:04:22.900] thr=1   paramiko.transport: Got server p (2048 bits)
DEB [20180212-15:04:23.052] thr=1   paramiko.transport: kex engine KexGexSHA256 specified hash_algo <built-in function openssl_sha256>
DEB [20180212-15:04:23.053] thr=1   paramiko.transport: Switch to new keys ...
DEB [20180212-15:04:23.082] thr=2   paramiko.transport: Adding ssh-rsa host key for gbwatex2db02: 7a5e39f10cdffefc46f166d55160c1b2
DEB [20180212-15:04:23.095] thr=1   paramiko.transport: userauth is OK
INF [20180212-15:04:23.150] thr=1   paramiko.transport: Authentication (password) successful!
DEB [20180212-15:04:23.154] thr=2   paramiko.transport: [chan 0] Max packet in: 32768 bytes
DEB [20180212-15:04:23.157] thr=1   paramiko.transport: [chan 0] Max packet out: 32768 bytes
DEB [20180212-15:04:23.158] thr=1   paramiko.transport: Secsh channel 0 opened.
DEB [20180212-15:04:23.168] thr=1   paramiko.transport: [chan 0] Sesch channel 0 request ok
DEB [20180212-15:04:23.191] thr=1   paramiko.transport: [chan 0] EOF received (0)
DEB [20180212-15:04:23.193] thr=1   paramiko.transport: [chan 0] EOF sent (0)
DEB [20180212-15:04:23.197] thr=2   paramiko.transport: [chan 1] Max packet in: 32768 bytes
DEB [20180212-15:04:23.236] thr=1   paramiko.transport: [chan 1] Max packet out: 32768 bytes
DEB [20180212-15:04:23.236] thr=1   paramiko.transport: Secsh channel 1 opened.
DEB [20180212-15:04:23.269] thr=1   paramiko.transport: [chan 1] Sesch channel 1 request ok
DEB [20180212-15:04:24.790] thr=1   paramiko.transport: [chan 1] EOF received (1)
